The system is: Linux - 5.15.0-75-generic - x86_64
Compiling the C compiler identification source file "CMakeCCompilerId.c" succeeded.
Compiler: /bin/i686-w64-mingw32-gcc 
Build flags: 
Id flags:  

The output was:
0


Compilation of the C compiler identification source "CMakeCCompilerId.c" produced "a.exe"

The C compiler identification is GNU, found in "/home/minimumadhd/CLionProjects/PasswordGenerator/cmake-build-release-windows/CMakeFiles/3.25.2/CompilerIdC/a.exe"

Compiling the CXX compiler identification source file "CMakeCXXCompilerId.cpp" succeeded.
Compiler: /bin/i686-w64-mingw32-g++ 
Build flags: 
Id flags:  

The output was:
0


Compilation of the CXX compiler identification source "CMakeCXXCompilerId.cpp" produced "a.exe"

The CXX compiler identification is GNU, found in "/home/minimumadhd/CLionProjects/PasswordGenerator/cmake-build-release-windows/CMakeFiles/3.25.2/CompilerIdCXX/a.exe"

Determining if the C compiler works passed with the following output:
Change Dir: /home/minimumadhd/CLionProjects/PasswordGenerator/cmake-build-release-windows/CMakeFiles/CMakeScratch/TryCompile-SFjR5G

Run Build Command(s):/home/minimumadhd/.local/share/JetBrains/Toolbox/apps/CLion/ch-0/231.9161.40/bin/ninja/linux/x64/ninja cmTC_acffc && [1/2] Building C object CMakeFiles/cmTC_acffc.dir/testCCompiler.c.o
[2/2] Linking C executable cmTC_acffc



Determining if the C++ compiler works passed with the following output:
Change Dir: /home/minimumadhd/CLionProjects/PasswordGenerator/cmake-build-release-windows/CMakeFiles/CMakeScratch/TryCompile-qdblfH

Run Build Command(s):/home/minimumadhd/.local/share/JetBrains/Toolbox/apps/CLion/ch-0/231.9161.40/bin/ninja/linux/x64/ninja cmTC_19fa3 && [1/2] Building CXX object CMakeFiles/cmTC_19fa3.dir/testCXXCompiler.cxx.o
[2/2] Linking CXX executable cmTC_19fa3



